
$('.item-fundo.tab-pane').each(function(index, item){
	var title = $(item).find('h6').text();
	 $(item).find('.TD_col1 a').each(function(index,item){console.log("list.Add(new fund(\"" + item.text.trim() + "\",\"" + item.href + "\",\"" + title + "\"));")});
})
VM1828:3 list.Add(new fund("BNP - Access Europe FIM - IE 1","https://portal.xpi.com.br/pages/fundos/fundos-investimentos.aspx?F=2687","Internacional"));
VM1828:3 list.Add(new fund("Claritas Global High Yield FIM IE","https://portal.xpi.com.br/pages/fundos/fundos-investimentos.aspx?F=7130","Internacional"));
VM1828:3 list.Add(new fund("Deutsche Infraestrutura Global FIC FIM - IE","https://portal.xpi.com.br/pages/fundos/fundos-investimentos.aspx?F=7921","Internacional"));
VM1828:3 list.Add(new fund("Global Income Allocation FIC FIM CP IE - Classe A","https://portal.xpi.com.br/pages/fundos/fundos-investimentos.aspx?F=2901","Internacional"));
VM1828:3 list.Add(new fund("JPM - Global Macro Opportunities FIM - IE","https://portal.xpi.com.br/pages/fundos/fundos-investimentos.aspx?F=2684","Internacional"));
VM1828:3 list.Add(new fund("JPM Dólar Global Macro Opportunities FI MM IE","https://portal.xpi.com.br/pages/fundos/fundos-investimentos.aspx?F=2738","Internacional"));
VM1828:3 list.Add(new fund("Kapitalo Alpha Global XP FIQ FIM","https://portal.xpi.com.br/pages/fundos/fundos-investimentos.aspx?F=2917","Internacional"));
VM1828:3 list.Add(new fund("Leste Event Driven FIC FIM","https://portal.xpi.com.br/pages/fundos/fundos-investimentos.aspx?F=2881","Internacional"));
VM1828:3 list.Add(new fund("PIMCO Income FIC FIM IE","https://portal.xpi.com.br/pages/fundos/fundos-investimentos.aspx?F=2800","Internacional"));
VM1828:3 list.Add(new fund("Schroder Liquid Alternatives IE FIM","https://portal.xpi.com.br/pages/fundos/fundos-investimentos.aspx?F=2862","Internacional"));
VM1828:3 list.Add(new fund("Templeton Global Total Return FIC FIM IE","https://portal.xpi.com.br/pages/fundos/fundos-investimentos.aspx?F=2884","Internacional"));
VM1828:3 list.Add(new fund("Western Asset FIA BDR NIVEL I","https://portal.xpi.com.br/pages/fundos/fundos-investimentos.aspx?F=2642","Internacional"));
VM1828:3 list.Add(new fund("Western Asset Macro Strategies FIC de FIM IE","https://portal.xpi.com.br/pages/fundos/fundos-investimentos.aspx?F=2707","Internacional"));
VM1828:3 list.Add(new fund("Western Asset US Index 500 FIM","https://portal.xpi.com.br/pages/fundos/fundos-investimentos.aspx?F=2591","Internacional"));
VM1828:3 list.Add(new fund("AF Invest Geraes FIRF CP","https://portal.xpi.com.br/pages/fundos/fundos-investimentos.aspx?F=2692","Renda Fixa"));
VM1828:3 list.Add(new fund("AZ Quest Luce FIC FI RF CP LP","https://portal.xpi.com.br/pages/fundos/fundos-investimentos.aspx?F=2732","Renda Fixa"));
VM1828:3 list.Add(new fund("AZ Quest Valore FI Renda Fixa CP","https://portal.xpi.com.br/pages/fundos/fundos-investimentos.aspx?F=2676","Renda Fixa"));
VM1828:3 list.Add(new fund("AZ Quest Yield FIC FI Renda Fixa Longo Prazo","https://portal.xpi.com.br/pages/fundos/fundos-investimentos.aspx?F=2515","Renda Fixa"));
VM1828:3 list.Add(new fund("BNP Paribas Inflação FI RF","https://portal.xpi.com.br/pages/fundos/fundos-investimentos.aspx?F=800457","Renda Fixa"));
VM1828:3 list.Add(new fund("BNP Paribas Match DI FI Referenciado Crédito Privado","https://portal.xpi.com.br/pages/fundos/fundos-investimentos.aspx?F=2149","Renda Fixa"));
VM1828:3 list.Add(new fund("BNP Paribas Optimum DI FI Referenciado","https://portal.xpi.com.br/pages/fundos/fundos-investimentos.aspx?F=800455","Renda Fixa"));
VM1828:3 list.Add(new fund("BNP Paribas RF FI Renda Fixa","https://portal.xpi.com.br/pages/fundos/fundos-investimentos.aspx?F=800456","Renda Fixa"));
VM1828:3 list.Add(new fund("Brasil Plural High Yield FI RF Crédito Privado","https://portal.xpi.com.br/pages/fundos/fundos-investimentos.aspx?F=6650","Renda Fixa"));
VM1828:3 list.Add(new fund("BTG Pactual Crédito Corporativo I FIC FI RF Crédito Privado","https://portal.xpi.com.br/pages/fundos/fundos-investimentos.aspx?F=2620","Renda Fixa"));
VM1828:3 list.Add(new fund("BTG Pactual Tesouro IPCA Curto FIRF","https://portal.xpi.com.br/pages/fundos/fundos-investimentos.aspx?F=2309","Renda Fixa"));
VM1828:3 list.Add(new fund("BTG Pactual Yield DI FI Referenciado Credito Privado","https://portal.xpi.com.br/pages/fundos/fundos-investimentos.aspx?F=2163","Renda Fixa"));
VM1828:3 list.Add(new fund("CA Indosuez Agilité FIRF CP","https://portal.xpi.com.br/pages/fundos/fundos-investimentos.aspx?F=2748","Renda Fixa"));
VM1828:3 list.Add(new fund("CA Indosuez DI Master FI Renda Fixa Referenciado DI LP","https://portal.xpi.com.br/pages/fundos/fundos-investimentos.aspx?F=2289","Renda Fixa"));
VM1828:3 list.Add(new fund("CA Indosuez Vitesse FIRF Crédito Privado","https://portal.xpi.com.br/pages/fundos/fundos-investimentos.aspx?F=2292","Renda Fixa"));
VM1828:3 list.Add(new fund("Capitânia Premium FIC FIRF Crédito Privado","https://portal.xpi.com.br/pages/fundos/fundos-investimentos.aspx?F=7806","Renda Fixa"));
VM1828:3 list.Add(new fund("Capitânia TOP Crédito Privado FIC FI Renda Fixa","https://portal.xpi.com.br/pages/fundos/fundos-investimentos.aspx?F=6306","Renda Fixa"));
VM1828:3 list.Add(new fund("CSHG Income FIC FIRF CP","https://portal.xpi.com.br/pages/fundos/fundos-investimentos.aspx?F=2891","Renda Fixa"));
VM1828:3 list.Add(new fund("Daycoval Classic FIRF Crédito Privado","https://portal.xpi.com.br/pages/fundos/fundos-investimentos.aspx?F=2365","Renda Fixa"));
VM1828:3 list.Add(new fund("DLM Hedge Conservador II FIRF CP","https://portal.xpi.com.br/pages/fundos/fundos-investimentos.aspx?F=7868","Renda Fixa"));
VM1828:3 list.Add(new fund("FIC de FI Votorantim Inflation Renda Fixa","https://portal.xpi.com.br/pages/fundos/fundos-investimentos.aspx?F=2467","Renda Fixa"));
VM1828:3 list.Add(new fund("Icatu Vanguarda Crédito Privado FIRF LP","https://portal.xpi.com.br/pages/fundos/fundos-investimentos.aspx?F=1963","Renda Fixa"));
VM1828:3 list.Add(new fund("Icatu Vanguarda FIC FI Inflação Curta Renda Fixa","https://portal.xpi.com.br/pages/fundos/fundos-investimentos.aspx?F=3971","Renda Fixa"));
VM1828:3 list.Add(new fund("Icatu Vanguarda FIC FI Inflação Longa Renda Fixa","https://portal.xpi.com.br/pages/fundos/fundos-investimentos.aspx?F=1972","Renda Fixa"));
VM1828:3 list.Add(new fund("Icatu Vanguarda Pré-Fixado FIRF LP","https://portal.xpi.com.br/pages/fundos/fundos-investimentos.aspx?F=27901","Renda Fixa"));
VM1828:3 list.Add(new fund("Iridium Apollo FIRF Crédito Privado Longo Prazo","https://portal.xpi.com.br/pages/fundos/fundos-investimentos.aspx?F=2897","Renda Fixa"));
VM1828:3 list.Add(new fund("Iridium Pioneer Debêntures Incentivadas FIRF Crédito Privado","https://portal.xpi.com.br/pages/fundos/fundos-investimentos.aspx?F=28981","Renda Fixa"));
VM1828:3 list.Add(new fund("JPM FIC FI Referenciado DI - Classe A 2","https://portal.xpi.com.br/pages/fundos/fundos-investimentos.aspx?F=2388","Renda Fixa"));
VM1828:3 list.Add(new fund("JPM Income Class FI Renda Fixa 2","https://portal.xpi.com.br/pages/fundos/fundos-investimentos.aspx?F=2391","Renda Fixa"));
VM1828:3 list.Add(new fund("JPM Sovereign FIC FI Referenciado DI - Classe A 2","https://portal.xpi.com.br/pages/fundos/fundos-investimentos.aspx?F=2387","Renda Fixa"));
VM1828:3 list.Add(new fund("JPM Yield FIC FI Renda Fixa Classe A 2","https://portal.xpi.com.br/pages/fundos/fundos-investimentos.aspx?F=2386","Renda Fixa"));
VM1828:3 list.Add(new fund("Mapfre Renda Fixa Plus FIC","https://portal.xpi.com.br/pages/fundos/fundos-investimentos.aspx?F=2669","Renda Fixa"));
VM1828:3 list.Add(new fund("Mirae Asset IMA-B Renda Fixa FI","https://portal.xpi.com.br/pages/fundos/fundos-investimentos.aspx?F=2337","Renda Fixa"));
VM1828:3 list.Add(new fund("Mongeral Aegon Renda Fixa Fundo de Investimento","https://portal.xpi.com.br/pages/fundos/fundos-investimentos.aspx?F=2900","Renda Fixa"));
VM1828:3 list.Add(new fund("Porto Seguro Clássico FIC Renda Fixa LP","https://portal.xpi.com.br/pages/fundos/fundos-investimentos.aspx?F=2656","Renda Fixa"));
VM1828:3 list.Add(new fund("Porto Seguro FI Referenciado DI Crédito Privado","https://portal.xpi.com.br/pages/fundos/fundos-investimentos.aspx?F=2659","Renda Fixa"));
VM1828:3 list.Add(new fund("Porto Seguro Juro Real FIC RF LP","https://portal.xpi.com.br/pages/fundos/fundos-investimentos.aspx?F=2765","Renda Fixa"));
VM1828:3 list.Add(new fund("Rio Bravo Crédito Privado FI Renda Fixa","https://portal.xpi.com.br/pages/fundos/fundos-investimentos.aspx?F=2375","Renda Fixa"));
VM1828:3 list.Add(new fund("Sparta Premium FIC FI Referenciado DI Crédito Privado","https://portal.xpi.com.br/pages/fundos/fundos-investimentos.aspx?F=5041","Renda Fixa"));
VM1828:3 list.Add(new fund("Sparta Top FIC FI RF Crédito Privado Longo Prazo","https://portal.xpi.com.br/pages/fundos/fundos-investimentos.aspx?F=6505","Renda Fixa"));
VM1828:3 list.Add(new fund("SulAmérica Excellence Advisory FI Renda Fixa Crédito Privado","https://portal.xpi.com.br/pages/fundos/fundos-investimentos.aspx?F=2702","Renda Fixa"));
VM1828:3 list.Add(new fund("SulAmérica Excellence FI Renda Fixa Crédito Privado","https://portal.xpi.com.br/pages/fundos/fundos-investimentos.aspx?F=800442","Renda Fixa"));
VM1828:3 list.Add(new fund("SulAmérica Exclusive FI Referenciado DI","https://portal.xpi.com.br/pages/fundos/fundos-investimentos.aspx?F=800441","Renda Fixa"));
VM1828:3 list.Add(new fund("SulAmérica Inflatie FI Renda Fixa Longo Prazo","https://portal.xpi.com.br/pages/fundos/fundos-investimentos.aspx?F=2138","Renda Fixa"));
VM1828:3 list.Add(new fund("SulAmérica Renda Fixa Ativo FI LP","https://portal.xpi.com.br/pages/fundos/fundos-investimentos.aspx?F=800339","Renda Fixa"));
VM1828:3 list.Add(new fund("Valora Absolute FIRF Crédito Privado","https://portal.xpi.com.br/pages/fundos/fundos-investimentos.aspx?F=3663","Renda Fixa"));
VM1828:3 list.Add(new fund("Votorantim FIC de FI Vintage RF CP","https://portal.xpi.com.br/pages/fundos/fundos-investimentos.aspx?F=2469","Renda Fixa"));
VM1828:3 list.Add(new fund("Western Asset Renda Fixa Ativo FI","https://portal.xpi.com.br/pages/fundos/fundos-investimentos.aspx?F=2594","Renda Fixa"));
VM1828:3 list.Add(new fund("XP Bozano Top Crédito Privado Renda Fixa FI LP","https://portal.xpi.com.br/pages/fundos/fundos-investimentos.aspx?F=2832","Renda Fixa"));
VM1828:3 list.Add(new fund("XP Debentures Incentivadas Crédito Privado FIC FIM","https://portal.xpi.com.br/pages/fundos/fundos-investimentos.aspx?F=7670","Renda Fixa"));
VM1828:3 list.Add(new fund("XP Inflação Referenciado IPCA FI Renda Fixa LP","https://portal.xpi.com.br/pages/fundos/fundos-investimentos.aspx?F=6523","Renda Fixa"));
VM1828:3 list.Add(new fund("XP Investor FI Renda Fixa Crédito Privado LP","https://portal.xpi.com.br/pages/fundos/fundos-investimentos.aspx?F=3409","Renda Fixa"));
VM1828:3 list.Add(new fund("XP JGP Corporate FIC FIRF CP LP 2","https://portal.xpi.com.br/pages/fundos/fundos-investimentos.aspx?F=2736","Renda Fixa"));
VM1828:3 list.Add(new fund("XP Referenciado FI Referenciado DI CP","https://portal.xpi.com.br/pages/fundos/fundos-investimentos.aspx?F=6355","Renda Fixa"));
VM1828:3 list.Add(new fund("XP Tesouro LFT FIRF Simples","https://portal.xpi.com.br/pages/fundos/fundos-investimentos.aspx?F=2798","Renda Fixa"));
VM1828:3 list.Add(new fund("XPG RF FIC FIM CP","https://portal.xpi.com.br/pages/fundos/fundos-investimentos.aspx?F=2888","Renda Fixa"));
VM1828:3 list.Add(new fund("Aberdeen Multi Asset Growth Advisory FIM IE","https://portal.xpi.com.br/pages/fundos/fundos-investimentos.aspx?F=2935","Fundos de Investimentos Multimercados"));
VM1828:3 list.Add(new fund("Absolute Alpha FIC FIM","https://portal.xpi.com.br/pages/fundos/fundos-investimentos.aspx?F=7455","Fundos de Investimentos Multimercados"));
VM1828:3 list.Add(new fund("Absolute Hedge FIC FIM","https://portal.xpi.com.br/pages/fundos/fundos-investimentos.aspx?F=7456","Fundos de Investimentos Multimercados"));
VM1828:3 list.Add(new fund("Adam Macro Advisory FIC FIM 2","https://portal.xpi.com.br/pages/fundos/fundos-investimentos.aspx?F=2728","Fundos de Investimentos Multimercados"));
VM1828:3 list.Add(new fund("Adam Macro Strategy Advisory D60 FIC FIM","https://portal.xpi.com.br/pages/fundos/fundos-investimentos.aspx?F=2930","Fundos de Investimentos Multimercados"));
VM1828:3 list.Add(new fund("Adam Macro Strategy Advisory FIC FIM 2","https://portal.xpi.com.br/pages/fundos/fundos-investimentos.aspx?F=2834","Fundos de Investimentos Multimercados"));
VM1828:3 list.Add(new fund("ARX Especial FIC FIM","https://portal.xpi.com.br/pages/fundos/fundos-investimentos.aspx?F=3475","Fundos de Investimentos Multimercados"));
VM1828:3 list.Add(new fund("ARX Extra FIC FIM","https://portal.xpi.com.br/pages/fundos/fundos-investimentos.aspx?F=525","Fundos de Investimentos Multimercados"));
VM1828:3 list.Add(new fund("ARX Long Short FIC FIM","https://portal.xpi.com.br/pages/fundos/fundos-investimentos.aspx?F=2156","Fundos de Investimentos Multimercados"));
VM1828:3 list.Add(new fund("AZ Quest Altro FIC FIM CP","https://portal.xpi.com.br/pages/fundos/fundos-investimentos.aspx?F=2733","Fundos de Investimentos Multimercados"));
VM1828:3 list.Add(new fund("AZ Quest Equity Hedge FIC FIM","https://portal.xpi.com.br/pages/fundos/fundos-investimentos.aspx?F=2544","Fundos de Investimentos Multimercados"));
VM1828:3 list.Add(new fund("Az Quest Legan Low Vol FIM 2","https://portal.xpi.com.br/pages/fundos/fundos-investimentos.aspx?F=3058","Fundos de Investimentos Multimercados"));
VM1828:3 list.Add(new fund("AZ Quest Multi 30 FIC FIM","https://portal.xpi.com.br/pages/fundos/fundos-investimentos.aspx?F=2914","Fundos de Investimentos Multimercados"));
VM1828:3 list.Add(new fund("AZ Quest Multi FIC FIM 3","https://portal.xpi.com.br/pages/fundos/fundos-investimentos.aspx?F=2305","Fundos de Investimentos Multimercados"));
VM1828:3 list.Add(new fund("AZ Quest Multi Max FIC FIM","https://portal.xpi.com.br/pages/fundos/fundos-investimentos.aspx?F=2932","Fundos de Investimentos Multimercados"));
VM1828:3 list.Add(new fund("AZ Quest Total Return FIM","https://portal.xpi.com.br/pages/fundos/fundos-investimentos.aspx?F=25877","Fundos de Investimentos Multimercados"));
VM1828:3 list.Add(new fund("Azul Quantitativo FIM","https://portal.xpi.com.br/pages/fundos/fundos-investimentos.aspx?F=3595","Fundos de Investimentos Multimercados"));
VM1828:3 list.Add(new fund("Bahia AM Maraú FIC de FIM","https://portal.xpi.com.br/pages/fundos/fundos-investimentos.aspx?F=2663","Fundos de Investimentos Multimercados"));
VM1828:3 list.Add(new fund("BNP Paribas Long and Short FIM","https://portal.xpi.com.br/pages/fundos/fundos-investimentos.aspx?F=2350","Fundos de Investimentos Multimercados"));
VM1828:3 list.Add(new fund("BNP Paribas Sky FIM 2","https://portal.xpi.com.br/pages/fundos/fundos-investimentos.aspx?F=2746","Fundos de Investimentos Multimercados"));
VM1828:3 list.Add(new fund("Bozano Quant FIM","https://portal.xpi.com.br/pages/fundos/fundos-investimentos.aspx?F=3856","Fundos de Investimentos Multimercados"));
VM1828:3 list.Add(new fund("Brasil Plural Crédito Corporativo II FIC FIM Crédito Privado","https://portal.xpi.com.br/pages/fundos/fundos-investimentos.aspx?F=7436","Fundos de Investimentos Multimercados"));
VM1828:3 list.Add(new fund("Brasil Plural Equity Hedge 30 FIC de FIM","https://portal.xpi.com.br/pages/fundos/fundos-investimentos.aspx?F=6789","Fundos de Investimentos Multimercados"));
VM1828:3 list.Add(new fund("Brasil Plural Equity Hedge FIC FIM 2","https://portal.xpi.com.br/pages/fundos/fundos-investimentos.aspx?F=3559","Fundos de Investimentos Multimercados"));
VM1828:3 list.Add(new fund("Brasil Plural Institucional 15 FIC FIM 2","https://portal.xpi.com.br/pages/fundos/fundos-investimentos.aspx?F=7385","Fundos de Investimentos Multimercados"));
VM1828:3 list.Add(new fund("Brasil Plural Institucional FIC FIM 2","https://portal.xpi.com.br/pages/fundos/fundos-investimentos.aspx?F=3586","Fundos de Investimentos Multimercados"));
VM1828:3 list.Add(new fund("Brasil Plural Institucional FIC FIM II","https://portal.xpi.com.br/pages/fundos/fundos-investimentos.aspx?F=2926","Fundos de Investimentos Multimercados"));
VM1828:3 list.Add(new fund("Brasil Plural Macro FIC FIM","https://portal.xpi.com.br/pages/fundos/fundos-investimentos.aspx?F=7613","Fundos de Investimentos Multimercados"));
VM1828:3 list.Add(new fund("BTG Pactual Discovery FIM","https://portal.xpi.com.br/pages/fundos/fundos-investimentos.aspx?F=2116","Fundos de Investimentos Multimercados"));
VM1828:3 list.Add(new fund("BTG Pactual Explorer FIM","https://portal.xpi.com.br/pages/fundos/fundos-investimentos.aspx?F=2118","Fundos de Investimentos Multimercados"));
VM1828:3 list.Add(new fund("BTG Pactual Hedge FIM","https://portal.xpi.com.br/pages/fundos/fundos-investimentos.aspx?F=2119","Fundos de Investimentos Multimercados"));
VM1828:3 list.Add(new fund("CA Indosuez Infraestrutura Incentivado CP FIC FIM","https://portal.xpi.com.br/pages/fundos/fundos-investimentos.aspx?F=2724","Fundos de Investimentos Multimercados"));
VM1828:3 list.Add(new fund("Canvas Classic FIC FIM","https://portal.xpi.com.br/pages/fundos/fundos-investimentos.aspx?F=7144","Fundos de Investimentos Multimercados"));
VM1828:3 list.Add(new fund("Canvas Enduro III FIC FIM","https://portal.xpi.com.br/pages/fundos/fundos-investimentos.aspx?F=6111","Fundos de Investimentos Multimercados"));
VM1828:3 list.Add(new fund("Claritas Hedge FIC FIM Longo Prazo","https://portal.xpi.com.br/pages/fundos/fundos-investimentos.aspx?F=6455","Fundos de Investimentos Multimercados"));
VM1828:3 list.Add(new fund("Claritas Institucional FIM","https://portal.xpi.com.br/pages/fundos/fundos-investimentos.aspx?F=3247","Fundos de Investimentos Multimercados"));
VM1828:3 list.Add(new fund("Claritas Long Short FIC FIM","https://portal.xpi.com.br/pages/fundos/fundos-investimentos.aspx?F=6087","Fundos de Investimentos Multimercados"));
VM1828:3 list.Add(new fund("CSHG Gauss Advisory FIC de FIM","https://portal.xpi.com.br/pages/fundos/fundos-investimentos.aspx?F=2764","Fundos de Investimentos Multimercados"));
VM1828:3 list.Add(new fund("CSHG Magis CP FIC FIM Longo Prazo","https://portal.xpi.com.br/pages/fundos/fundos-investimentos.aspx?F=2697","Fundos de Investimentos Multimercados"));
VM1828:3 list.Add(new fund("DLM Hedge Conservador FIM","https://portal.xpi.com.br/pages/fundos/fundos-investimentos.aspx?F=2971","Fundos de Investimentos Multimercados"));
VM1828:3 list.Add(new fund("DLM Hedge Moderado FIM CP","https://portal.xpi.com.br/pages/fundos/fundos-investimentos.aspx?F=6569","Fundos de Investimentos Multimercados"));
VM1828:3 list.Add(new fund("Exodus 180 FIC FIM Credito Privado","https://portal.xpi.com.br/pages/fundos/fundos-investimentos.aspx?F=2679","Fundos de Investimentos Multimercados"));
VM1828:3 list.Add(new fund("Exodus 360 FIC FIM Credito Privado","https://portal.xpi.com.br/pages/fundos/fundos-investimentos.aspx?F=2654","Fundos de Investimentos Multimercados"));
VM1828:3 list.Add(new fund("Exodus 60 FIC FIM Crédito Privado","https://portal.xpi.com.br/pages/fundos/fundos-investimentos.aspx?F=2645","Fundos de Investimentos Multimercados"));
VM1828:3 list.Add(new fund("Exodus 90 FIC FIM Credito Privado 2","https://portal.xpi.com.br/pages/fundos/fundos-investimentos.aspx?F=2716","Fundos de Investimentos Multimercados"));
VM1828:3 list.Add(new fund("FI Votorantim Multistrategy Multimercado","https://portal.xpi.com.br/pages/fundos/fundos-investimentos.aspx?F=2474","Fundos de Investimentos Multimercados"));
VM1828:3 list.Add(new fund("Fides Long Short PLUS FIM","https://portal.xpi.com.br/pages/fundos/fundos-investimentos.aspx?F=1256","Fundos de Investimentos Multimercados"));
VM1828:3 list.Add(new fund("Flag FIC FIM","https://portal.xpi.com.br/pages/fundos/fundos-investimentos.aspx?F=2466","Fundos de Investimentos Multimercados"));
VM1828:3 list.Add(new fund("Gap Absoluto FIC FIM","https://portal.xpi.com.br/pages/fundos/fundos-investimentos.aspx?F=1017","Fundos de Investimentos Multimercados"));
VM1828:3 list.Add(new fund("Gap Long Short 2X FIM 2","https://portal.xpi.com.br/pages/fundos/fundos-investimentos.aspx?F=2835","Fundos de Investimentos Multimercados"));
VM1828:3 list.Add(new fund("GAP Long Short FIM 2","https://portal.xpi.com.br/pages/fundos/fundos-investimentos.aspx?F=438","Fundos de Investimentos Multimercados"));
VM1828:3 list.Add(new fund("GAP Multiportfolio FIM","https://portal.xpi.com.br/pages/fundos/fundos-investimentos.aspx?F=50110","Fundos de Investimentos Multimercados"));
VM1828:3 list.Add(new fund("Garde DArtagnan FIC FIM 2","https://portal.xpi.com.br/pages/fundos/fundos-investimentos.aspx?F=2690","Fundos de Investimentos Multimercados"));
VM1828:3 list.Add(new fund("Garde DArtagnan XP FIC FIM 2","https://portal.xpi.com.br/pages/fundos/fundos-investimentos.aspx?F=27744","Fundos de Investimentos Multimercados"));
VM1828:3 list.Add(new fund("Gávea Macro FIC FIM","https://portal.xpi.com.br/pages/fundos/fundos-investimentos.aspx?F=2405","Fundos de Investimentos Multimercados"));
VM1828:3 list.Add(new fund("Geo Empresas Globais FIC FIA IE","https://portal.xpi.com.br/pages/fundos/fundos-investimentos.aspx?F=2880","Fundos de Investimentos Multimercados"));
VM1828:3 list.Add(new fund("Gripen FIC FIM 4","https://portal.xpi.com.br/pages/fundos/fundos-investimentos.aspx?F=2737","Fundos de Investimentos Multimercados"));
VM1828:3 list.Add(new fund("Ibiuna Hedge FIC FIM","https://portal.xpi.com.br/pages/fundos/fundos-investimentos.aspx?F=2412","Fundos de Investimentos Multimercados"));
VM1828:3 list.Add(new fund("Ibiuna Hedge STH FIC FIM","https://portal.xpi.com.br/pages/fundos/fundos-investimentos.aspx?F=2886","Fundos de Investimentos Multimercados"));
VM1828:3 list.Add(new fund("Ibiuna Long Short STLS FIC FIM","https://portal.xpi.com.br/pages/fundos/fundos-investimentos.aspx?F=2870","Fundos de Investimentos Multimercados"));
VM1828:3 list.Add(new fund("Iridium Endeavour Institucional FIM","https://portal.xpi.com.br/pages/fundos/fundos-investimentos.aspx?F=2899","Fundos de Investimentos Multimercados"));
VM1828:3 list.Add(new fund("Iridium Olympus FIM","https://portal.xpi.com.br/pages/fundos/fundos-investimentos.aspx?F=2906","Fundos de Investimentos Multimercados"));
VM1828:3 list.Add(new fund("JGP Crédito XP FIM CP","https://portal.xpi.com.br/pages/fundos/fundos-investimentos.aspx?F=2912","Fundos de Investimentos Multimercados"));
VM1828:3 list.Add(new fund("JGP Max XP FIC FIM","https://portal.xpi.com.br/pages/fundos/fundos-investimentos.aspx?F=2911","Fundos de Investimentos Multimercados"));
VM1828:3 list.Add(new fund("JPM Multistrategy Rates and FX FIC FIM - Classe A 2","https://portal.xpi.com.br/pages/fundos/fundos-investimentos.aspx?F=2385","Fundos de Investimentos Multimercados"));
VM1828:3 list.Add(new fund("Kadima II FIC de FIM","https://portal.xpi.com.br/pages/fundos/fundos-investimentos.aspx?F=2747","Fundos de Investimentos Multimercados"));
VM1828:3 list.Add(new fund("Kapitalo Kappa FIN FIC FIM 2","https://portal.xpi.com.br/pages/fundos/fundos-investimentos.aspx?F=2398","Fundos de Investimentos Multimercados"));
VM1828:3 list.Add(new fund("Kapitalo Kappa XP FIC FIM","https://portal.xpi.com.br/pages/fundos/fundos-investimentos.aspx?F=2803","Fundos de Investimentos Multimercados"));
VM1828:3 list.Add(new fund("Kinea Chronos Multimercado FIM","https://portal.xpi.com.br/pages/fundos/fundos-investimentos.aspx?F=2903","Fundos de Investimentos Multimercados"));
VM1828:3 list.Add(new fund("Kondor Long Short FIM","https://portal.xpi.com.br/pages/fundos/fundos-investimentos.aspx?F=2455","Fundos de Investimentos Multimercados"));
VM1828:3 list.Add(new fund("Kondor LX FIC FIM 2","https://portal.xpi.com.br/pages/fundos/fundos-investimentos.aspx?F=2611","Fundos de Investimentos Multimercados"));
VM1828:3 list.Add(new fund("Kondor Max FIC FIM 2","https://portal.xpi.com.br/pages/fundos/fundos-investimentos.aspx?F=2329","Fundos de Investimentos Multimercados"));
VM1828:3 list.Add(new fund("LifeTime Balanced FIC FIM","https://portal.xpi.com.br/pages/fundos/fundos-investimentos.aspx?F=2739","Fundos de Investimentos Multimercados"));
VM1828:3 list.Add(new fund("M CA FIC de FIM CP 5","https://portal.xpi.com.br/pages/fundos/fundos-investimentos.aspx?F=2706","Fundos de Investimentos Multimercados"));
VM1828:3 list.Add(new fund("Mauá Institucional FIC FIM","https://portal.xpi.com.br/pages/fundos/fundos-investimentos.aspx?F=2618","Fundos de Investimentos Multimercados"));
VM1828:3 list.Add(new fund("Mauá Macro Advisory FIC FIM","https://portal.xpi.com.br/pages/fundos/fundos-investimentos.aspx?F=2883","Fundos de Investimentos Multimercados"));
VM1828:3 list.Add(new fund("Mauá Macro FIC FIM 2","https://portal.xpi.com.br/pages/fundos/fundos-investimentos.aspx?F=2498","Fundos de Investimentos Multimercados"));
VM1828:3 list.Add(new fund("Mirae Asset Multimercado Macro Strategy FI","https://portal.xpi.com.br/pages/fundos/fundos-investimentos.aspx?F=7532","Fundos de Investimentos Multimercados"));
VM1828:3 list.Add(new fund("Moat Capital Equity Hedge FIC FIM","https://portal.xpi.com.br/pages/fundos/fundos-investimentos.aspx?F=2839","Fundos de Investimentos Multimercados"));
VM1828:3 list.Add(new fund("Modal Eagle FIC FIM","https://portal.xpi.com.br/pages/fundos/fundos-investimentos.aspx?F=1481","Fundos de Investimentos Multimercados"));
VM1828:3 list.Add(new fund("Modal Institucional FIM","https://portal.xpi.com.br/pages/fundos/fundos-investimentos.aspx?F=1480","Fundos de Investimentos Multimercados"));
VM1828:3 list.Add(new fund("Modal Tactical FIC FIM","https://portal.xpi.com.br/pages/fundos/fundos-investimentos.aspx?F=6488","Fundos de Investimentos Multimercados"));
VM1828:3 list.Add(new fund("Murano FIC FIM","https://portal.xpi.com.br/pages/fundos/fundos-investimentos.aspx?F=2809","Fundos de Investimentos Multimercados"));
VM1828:3 list.Add(new fund("Opportunity Market FIC DE FIM","https://portal.xpi.com.br/pages/fundos/fundos-investimentos.aspx?F=6086","Fundos de Investimentos Multimercados"));
VM1828:3 list.Add(new fund("Opportunity Total FIC de FIM","https://portal.xpi.com.br/pages/fundos/fundos-investimentos.aspx?F=6060","Fundos de Investimentos Multimercados"));
VM1828:3 list.Add(new fund("Pacifico Macro FIC FIM","https://portal.xpi.com.br/pages/fundos/fundos-investimentos.aspx?F=2745","Fundos de Investimentos Multimercados"));
VM1828:3 list.Add(new fund("Paineiras Hedge II NQ FIC FIM","https://portal.xpi.com.br/pages/fundos/fundos-investimentos.aspx?F=2874","Fundos de Investimentos Multimercados"));
VM1828:3 list.Add(new fund("Perfin Long Short 15 FIC de FIM","https://portal.xpi.com.br/pages/fundos/fundos-investimentos.aspx?F=2169","Fundos de Investimentos Multimercados"));
VM1828:3 list.Add(new fund("Polo High Yield I FIC FIM CP","https://portal.xpi.com.br/pages/fundos/fundos-investimentos.aspx?F=2885","Fundos de Investimentos Multimercados"));
VM1828:3 list.Add(new fund("Porto Seguro Macro FIC FIM","https://portal.xpi.com.br/pages/fundos/fundos-investimentos.aspx?F=12345","Fundos de Investimentos Multimercados"));
VM1828:3 list.Add(new fund("Rio Arbitragem FIM","https://portal.xpi.com.br/pages/fundos/fundos-investimentos.aspx?F=1989","Fundos de Investimentos Multimercados"));
VM1828:3 list.Add(new fund("RPS Equity Hedge D30 FIC FIM 6","https://portal.xpi.com.br/pages/fundos/fundos-investimentos.aspx?F=2805","Fundos de Investimentos Multimercados"));
VM1828:3 list.Add(new fund("Solana Absolutto FIC FIM","https://portal.xpi.com.br/pages/fundos/fundos-investimentos.aspx?F=2647","Fundos de Investimentos Multimercados"));
VM1828:3 list.Add(new fund("Solana Long and Short FIC de FIM 2","https://portal.xpi.com.br/pages/fundos/fundos-investimentos.aspx?F=2553","Fundos de Investimentos Multimercados"));
VM1828:3 list.Add(new fund("Solis Capital Antares Crédito Privado FIC FIM LP","https://portal.xpi.com.br/pages/fundos/fundos-investimentos.aspx?F=2675","Fundos de Investimentos Multimercados"));
VM1828:3 list.Add(new fund("SPX Nimitz Feeder FIC de FIM 2","https://portal.xpi.com.br/pages/fundos/fundos-investimentos.aspx?F=2109","Fundos de Investimentos Multimercados"));
VM1828:3 list.Add(new fund("Sul América Crédito Ativo FI Renda Fixa CP LP","https://portal.xpi.com.br/pages/fundos/fundos-investimentos.aspx?F=2617","Fundos de Investimentos Multimercados"));
VM1828:3 list.Add(new fund("SulAmérica Endurance FIM","https://portal.xpi.com.br/pages/fundos/fundos-investimentos.aspx?F=2861","Fundos de Investimentos Multimercados"));
VM1828:3 list.Add(new fund("SulAmérica Evolution FI Multimercado","https://portal.xpi.com.br/pages/fundos/fundos-investimentos.aspx?F=2677","Fundos de Investimentos Multimercados"));
VM1828:3 list.Add(new fund("Tagus Toscana FIM 2","https://portal.xpi.com.br/pages/fundos/fundos-investimentos.aspx?F=3674","Fundos de Investimentos Multimercados"));
VM1828:3 list.Add(new fund("Truxt XP Long Short FIC FIM 6","https://portal.xpi.com.br/pages/fundos/fundos-investimentos.aspx?F=2823","Fundos de Investimentos Multimercados"));
VM1828:3 list.Add(new fund("Truxt XP Macro FIC FIM","https://portal.xpi.com.br/pages/fundos/fundos-investimentos.aspx?F=2822","Fundos de Investimentos Multimercados"));
VM1828:3 list.Add(new fund("Valora Guardian FIC FIM Crédito Privado 6","https://portal.xpi.com.br/pages/fundos/fundos-investimentos.aspx?F=3632","Fundos de Investimentos Multimercados"));
VM1828:3 list.Add(new fund("Valora Guardian XP FIC FIM CP","https://portal.xpi.com.br/pages/fundos/fundos-investimentos.aspx?F=2762","Fundos de Investimentos Multimercados"));
VM1828:3 list.Add(new fund("Verde AM Scena XP FIC FIM","https://portal.xpi.com.br/pages/fundos/fundos-investimentos.aspx?F=2806","Fundos de Investimentos Multimercados"));
VM1828:3 list.Add(new fund("Victoire Latam Equity FIM","https://portal.xpi.com.br/pages/fundos/fundos-investimentos.aspx?F=3712","Fundos de Investimentos Multimercados"));
VM1828:3 list.Add(new fund("Vinci Atlas FIC FIM","https://portal.xpi.com.br/pages/fundos/fundos-investimentos.aspx?F=2931","Fundos de Investimentos Multimercados"));
VM1828:3 list.Add(new fund("Vinci Crédito Estruturado Selection XP FIC FIM Crédito Privado","https://portal.xpi.com.br/pages/fundos/fundos-investimentos.aspx?F=2653","Fundos de Investimentos Multimercados"));
VM1828:3 list.Add(new fund("Vinci Valorem FI Multimercado","https://portal.xpi.com.br/pages/fundos/fundos-investimentos.aspx?F=2705","Fundos de Investimentos Multimercados"));
VM1828:3 list.Add(new fund("Vinland Macro Advisory FIC FIM","https://portal.xpi.com.br/pages/fundos/fundos-investimentos.aspx?F=29431","Fundos de Investimentos Multimercados"));
VM1828:3 list.Add(new fund("Vintage Macro VI FIC FIM 2","https://portal.xpi.com.br/pages/fundos/fundos-investimentos.aspx?F=2768","Fundos de Investimentos Multimercados"));
VM1828:3 list.Add(new fund("Vista Long Short FIM","https://portal.xpi.com.br/pages/fundos/fundos-investimentos.aspx?F=2819","Fundos de Investimentos Multimercados"));
VM1828:3 list.Add(new fund("Votorantim FI Eagle Multimercado Crédito Privado","https://portal.xpi.com.br/pages/fundos/fundos-investimentos.aspx?F=2473","Fundos de Investimentos Multimercados"));
VM1828:3 list.Add(new fund("Western Asset Multitrading H Multimercado FI","https://portal.xpi.com.br/pages/fundos/fundos-investimentos.aspx?F=2630","Fundos de Investimentos Multimercados"));
VM1828:3 list.Add(new fund("XP Corporate Plus FIM CP","https://portal.xpi.com.br/pages/fundos/fundos-investimentos.aspx?F=2750","Fundos de Investimentos Multimercados"));
VM1828:3 list.Add(new fund("XP Crédito Estruturado 360 FIC FIM CP","https://portal.xpi.com.br/pages/fundos/fundos-investimentos.aspx?F=2924","Fundos de Investimentos Multimercados"));
VM1828:3 list.Add(new fund("XP Crédito Estruturado FIC FIM CP","https://portal.xpi.com.br/pages/fundos/fundos-investimentos.aspx?F=2729","Fundos de Investimentos Multimercados"));
VM1828:3 list.Add(new fund("XP Gold FIM","https://portal.xpi.com.br/pages/fundos/fundos-investimentos.aspx?F=8032","Fundos de Investimentos Multimercados"));
VM1828:3 list.Add(new fund("XP Long Short 60 FIC FIM","https://portal.xpi.com.br/pages/fundos/fundos-investimentos.aspx?F=7934","Fundos de Investimentos Multimercados"));
VM1828:3 list.Add(new fund("XP Long Short FIC FIM 7","https://portal.xpi.com.br/pages/fundos/fundos-investimentos.aspx?F=3563","Fundos de Investimentos Multimercados"));
VM1828:3 list.Add(new fund("XP Macro FIM","https://portal.xpi.com.br/pages/fundos/fundos-investimentos.aspx?F=2719","Fundos de Investimentos Multimercados"));
VM1828:3 list.Add(new fund("XP Macro Institucional FIC FIM","https://portal.xpi.com.br/pages/fundos/fundos-investimentos.aspx?F=2807","Fundos de Investimentos Multimercados"));
VM1828:3 list.Add(new fund("XPG MM FIC FIM","https://portal.xpi.com.br/pages/fundos/fundos-investimentos.aspx?F=2813","Fundos de Investimentos Multimercados"));
VM1828:3 list.Add(new fund("XPG RV FIC FIM","https://portal.xpi.com.br/pages/fundos/fundos-investimentos.aspx?F=2889","Fundos de Investimentos Multimercados"));
VM1828:3 list.Add(new fund("Alaska Black FIC FIA  - BDR Nível I","https://portal.xpi.com.br/pages/fundos/fundos-investimentos.aspx?F=2650","Fundos de Investimentos em Ações"));
VM1828:3 list.Add(new fund("Apex Ações 30 FIC FIA","https://portal.xpi.com.br/pages/fundos/fundos-investimentos.aspx?F=6787","Fundos de Investimentos em Ações"));
VM1828:3 list.Add(new fund("Apex Infinity 8 Long-Biased FIC FIA","https://portal.xpi.com.br/pages/fundos/fundos-investimentos.aspx?F=7209","Fundos de Investimentos em Ações"));
VM1828:3 list.Add(new fund("Apex Infinity Long-Biased FIC FIA 2","https://portal.xpi.com.br/pages/fundos/fundos-investimentos.aspx?F=6799","Fundos de Investimentos em Ações"));
VM1828:3 list.Add(new fund("Armata FIC FIA 8","https://portal.xpi.com.br/pages/fundos/fundos-investimentos.aspx?F=2759","Fundos de Investimentos em Ações"));
VM1828:3 list.Add(new fund("ARX Income FIA","https://portal.xpi.com.br/pages/fundos/fundos-investimentos.aspx?F=75","Fundos de Investimentos em Ações"));
VM1828:3 list.Add(new fund("ARX Long Term FIC FIA","https://portal.xpi.com.br/pages/fundos/fundos-investimentos.aspx?F=2938","Fundos de Investimentos em Ações"));
VM1828:3 list.Add(new fund("Athena Total Return FIC FIA 2","https://portal.xpi.com.br/pages/fundos/fundos-investimentos.aspx?F=7047","Fundos de Investimentos em Ações"));
VM1828:3 list.Add(new fund("Athena Total Return II FIC FIA","https://portal.xpi.com.br/pages/fundos/fundos-investimentos.aspx?F=2693","Fundos de Investimentos em Ações"));
VM1828:3 list.Add(new fund("AZ Quest Ações FIC FIA","https://portal.xpi.com.br/pages/fundos/fundos-investimentos.aspx?F=1633","Fundos de Investimentos em Ações"));
VM1828:3 list.Add(new fund("AZ Quest Small Mid Caps FIC FIA","https://portal.xpi.com.br/pages/fundos/fundos-investimentos.aspx?F=2402","Fundos de Investimentos em Ações"));
VM1828:3 list.Add(new fund("AZ Quest TOP Long Biased FIC FIA","https://portal.xpi.com.br/pages/fundos/fundos-investimentos.aspx?F=6382","Fundos de Investimentos em Ações"));
VM1828:3 list.Add(new fund("Bahia AM Valuation FIC FIA","https://portal.xpi.com.br/pages/fundos/fundos-investimentos.aspx?F=3932","Fundos de Investimentos em Ações"));
VM1828:3 list.Add(new fund("BNP Paribas Action FIC FIA","https://portal.xpi.com.br/pages/fundos/fundos-investimentos.aspx?F=2418","Fundos de Investimentos em Ações"));
VM1828:3 list.Add(new fund("BNP Paribas Small Caps FIA","https://portal.xpi.com.br/pages/fundos/fundos-investimentos.aspx?F=2377","Fundos de Investimentos em Ações"));
VM1828:3 list.Add(new fund("Bozano Fundamental FIA","https://portal.xpi.com.br/pages/fundos/fundos-investimentos.aspx?F=1802","Fundos de Investimentos em Ações"));
VM1828:3 list.Add(new fund("Brasil Capital 30 FIC FIA","https://portal.xpi.com.br/pages/fundos/fundos-investimentos.aspx?F=2505","Fundos de Investimentos em Ações"));
VM1828:3 list.Add(new fund("Brasil Plural Long & Short Plus FIC FIA","https://portal.xpi.com.br/pages/fundos/fundos-investimentos.aspx?F=7012","Fundos de Investimentos em Ações"));
VM1828:3 list.Add(new fund("BTG Pactual Absoluto Institucional FIC FIA","https://portal.xpi.com.br/pages/fundos/fundos-investimentos.aspx?F=2115","Fundos de Investimentos em Ações"));
VM1828:3 list.Add(new fund("BTG Pactual Absoluto LS FIC FIA","https://portal.xpi.com.br/pages/fundos/fundos-investimentos.aspx?F=2570","Fundos de Investimentos em Ações"));
VM1828:3 list.Add(new fund("Claritas Valor Feeder FIA","https://portal.xpi.com.br/pages/fundos/fundos-investimentos.aspx?F=3565","Fundos de Investimentos em Ações"));
VM1828:3 list.Add(new fund("Constellation Institucional FIC FIA","https://portal.xpi.com.br/pages/fundos/fundos-investimentos.aspx?F=2902","Fundos de Investimentos em Ações"));
VM1828:3 list.Add(new fund("Fama FIC FIA","https://portal.xpi.com.br/pages/fundos/fundos-investimentos.aspx?F=2824","Fundos de Investimentos em Ações"));
VM1828:3 list.Add(new fund("Fides Absoluto FIM","https://portal.xpi.com.br/pages/fundos/fundos-investimentos.aspx?F=2722","Fundos de Investimentos em Ações"));
VM1828:3 list.Add(new fund("Flag FIC FIA","https://portal.xpi.com.br/pages/fundos/fundos-investimentos.aspx?F=28761","Fundos de Investimentos em Ações"));
VM1828:3 list.Add(new fund("Franklin Valor e Liquidez FVL FIA","https://portal.xpi.com.br/pages/fundos/fundos-investimentos.aspx?F=3716","Fundos de Investimentos em Ações"));
VM1828:3 list.Add(new fund("GAP Ações FIA","https://portal.xpi.com.br/pages/fundos/fundos-investimentos.aspx?F=2344","Fundos de Investimentos em Ações"));
VM1828:3 list.Add(new fund("GAP Equity Value Institucional FIA","https://portal.xpi.com.br/pages/fundos/fundos-investimentos.aspx?F=2920","Fundos de Investimentos em Ações"));
VM1828:3 list.Add(new fund("HIX Capital FIA","https://portal.xpi.com.br/pages/fundos/fundos-investimentos.aspx?F=2503","Fundos de Investimentos em Ações"));
VM1828:3 list.Add(new fund("Ibiuna Long Biased FIC FIM","https://portal.xpi.com.br/pages/fundos/fundos-investimentos.aspx?F=2597","Fundos de Investimentos em Ações"));
VM1828:3 list.Add(new fund("Icatu Vanguarda Dividendos FIA","https://portal.xpi.com.br/pages/fundos/fundos-investimentos.aspx?F=1974","Fundos de Investimentos em Ações"));
VM1828:3 list.Add(new fund("Indie FIC FIA","https://portal.xpi.com.br/pages/fundos/fundos-investimentos.aspx?F=2603","Fundos de Investimentos em Ações"));
VM1828:3 list.Add(new fund("Kondor Equities Institucional FIA","https://portal.xpi.com.br/pages/fundos/fundos-investimentos.aspx?F=2635","Fundos de Investimentos em Ações"));
VM1828:3 list.Add(new fund("Leblon Ações FIC FIA","https://portal.xpi.com.br/pages/fundos/fundos-investimentos.aspx?F=2974","Fundos de Investimentos em Ações"));
VM1828:3 list.Add(new fund("Miles Acer Long Bias I FIC FIM","https://portal.xpi.com.br/pages/fundos/fundos-investimentos.aspx?F=2936","Fundos de Investimentos em Ações"));
VM1828:3 list.Add(new fund("Mirae Asset Discovery Ações Dividendos FI","https://portal.xpi.com.br/pages/fundos/fundos-investimentos.aspx?F=2004","Fundos de Investimentos em Ações"));
VM1828:3 list.Add(new fund("Moat Capital FIA","https://portal.xpi.com.br/pages/fundos/fundos-investimentos.aspx?F=2890","Fundos de Investimentos em Ações"));
VM1828:3 list.Add(new fund("Módulo I FIC FIA","https://portal.xpi.com.br/pages/fundos/fundos-investimentos.aspx?F=2783","Fundos de Investimentos em Ações"));
VM1828:3 list.Add(new fund("NCH Maracanã FIA","https://portal.xpi.com.br/pages/fundos/fundos-investimentos.aspx?F=2718","Fundos de Investimentos em Ações"));
VM1828:3 list.Add(new fund("Opportunity Long Biased FIC FIM","https://portal.xpi.com.br/pages/fundos/fundos-investimentos.aspx?F=7494","Fundos de Investimentos em Ações"));
VM1828:3 list.Add(new fund("Opportunity Selection FIC FIA","https://portal.xpi.com.br/pages/fundos/fundos-investimentos.aspx?F=6120","Fundos de Investimentos em Ações"));
VM1828:3 list.Add(new fund("Pacifico Ações FIC FIA","https://portal.xpi.com.br/pages/fundos/fundos-investimentos.aspx?F=2313","Fundos de Investimentos em Ações"));
VM1828:3 list.Add(new fund("Pacifico LB FIC FIM","https://portal.xpi.com.br/pages/fundos/fundos-investimentos.aspx?F=2877","Fundos de Investimentos em Ações"));
VM1828:3 list.Add(new fund("Perfin Institucional FIC FIA","https://portal.xpi.com.br/pages/fundos/fundos-investimentos.aspx?F=2369","Fundos de Investimentos em Ações"));
VM1828:3 list.Add(new fund("Porto Seguro FIC Ações","https://portal.xpi.com.br/pages/fundos/fundos-investimentos.aspx?F=2657","Fundos de Investimentos em Ações"));
VM1828:3 list.Add(new fund("Safari FIC FIM II","https://portal.xpi.com.br/pages/fundos/fundos-investimentos.aspx?F=2727","Fundos de Investimentos em Ações"));
VM1828:3 list.Add(new fund("SPX Apache FIC FIA 9","https://portal.xpi.com.br/pages/fundos/fundos-investimentos.aspx?F=2752","Fundos de Investimentos em Ações"));
VM1828:3 list.Add(new fund("SPX Falcon FIC FIA 2","https://portal.xpi.com.br/pages/fundos/fundos-investimentos.aspx?F=2461","Fundos de Investimentos em Ações"));
VM1828:3 list.Add(new fund("SPX Patriot FIC FIA 2","https://portal.xpi.com.br/pages/fundos/fundos-investimentos.aspx?F=27511","Fundos de Investimentos em Ações"));
VM1828:3 list.Add(new fund("STK Long Only Institucional FIA","https://portal.xpi.com.br/pages/fundos/fundos-investimentos.aspx?F=7021","Fundos de Investimentos em Ações"));
VM1828:3 list.Add(new fund("Studio FIC FIA","https://portal.xpi.com.br/pages/fundos/fundos-investimentos.aspx?F=3435","Fundos de Investimentos em Ações"));
VM1828:3 list.Add(new fund("SulAmérica Equities FIA","https://portal.xpi.com.br/pages/fundos/fundos-investimentos.aspx?F=2202","Fundos de Investimentos em Ações"));
VM1828:3 list.Add(new fund("Truxt I Long Bias FIC FIM 8","https://portal.xpi.com.br/pages/fundos/fundos-investimentos.aspx?F=2892","Fundos de Investimentos em Ações"));
VM1828:3 list.Add(new fund("Truxt I Valor Institucional FIC FIA","https://portal.xpi.com.br/pages/fundos/fundos-investimentos.aspx?F=2893","Fundos de Investimentos em Ações"));
VM1828:3 list.Add(new fund("Verde AM Unique Long Bias FIC FIA","https://portal.xpi.com.br/pages/fundos/fundos-investimentos.aspx?F=2909","Fundos de Investimentos em Ações"));
VM1828:3 list.Add(new fund("Vertra FIC FIA","https://portal.xpi.com.br/pages/fundos/fundos-investimentos.aspx?F=2766","Fundos de Investimentos em Ações"));
VM1828:3 list.Add(new fund("Vinci Gas Seleção Dividendos FIA","https://portal.xpi.com.br/pages/fundos/fundos-investimentos.aspx?F=2740","Fundos de Investimentos em Ações"));
VM1828:3 list.Add(new fund("Vinland Long Bias Advisory FIC FIM","https://portal.xpi.com.br/pages/fundos/fundos-investimentos.aspx?F=2944","Fundos de Investimentos em Ações"));
VM1828:3 list.Add(new fund("Vista FIA","https://portal.xpi.com.br/pages/fundos/fundos-investimentos.aspx?F=2918","Fundos de Investimentos em Ações"));
VM1828:3 list.Add(new fund("XP Dividendos 30 FIC FIA","https://portal.xpi.com.br/pages/fundos/fundos-investimentos.aspx?F=2019","Fundos de Investimentos em Ações"));
VM1828:3 list.Add(new fund("XP Dividendos FIA 10","https://portal.xpi.com.br/pages/fundos/fundos-investimentos.aspx?F=6876","Fundos de Investimentos em Ações"));
VM1828:3 list.Add(new fund("XP Investor 30 FIC FIA","https://portal.xpi.com.br/pages/fundos/fundos-investimentos.aspx?F=2799","Fundos de Investimentos em Ações"));
VM1828:3 list.Add(new fund("XP Investor FIA 11","https://portal.xpi.com.br/pages/fundos/fundos-investimentos.aspx?F=1840","Fundos de Investimentos em Ações"));
VM1828:3 list.Add(new fund("XP Long Biased 30 FIC FIM","https://portal.xpi.com.br/pages/fundos/fundos-investimentos.aspx?F=2753","Fundos de Investimentos em Ações"));
VM1828:3 list.Add(new fund("XP Long Biased FIC FIM 12","https://portal.xpi.com.br/pages/fundos/fundos-investimentos.aspx?F=25377","Fundos de Investimentos em Ações"));
VM1828:3 list.Add(new fund("BTG Pactual Dólar FI Cambial","https://portal.xpi.com.br/pages/fundos/fundos-investimentos.aspx?F=2520","Cambial"));
VM1828:3 list.Add(new fund("Votorantim FIC de FI Cambial Dólar","https://portal.xpi.com.br/pages/fundos/fundos-investimentos.aspx?F=2476","Cambial"));
VM1828:3 list.Add(new fund("Western Asset Hedge Dólar Referenciado FI","https://portal.xpi.com.br/pages/fundos/fundos-investimentos.aspx?F=2593","Cambial"));
i.fn.init(5) [div#cphMinhaConta_wcTabelaRentabilidade1_rpCategoriasFundos_itemFundo_0.item-fundo.tab-pane, div#cphMinhaConta_wcTabelaRentabilidade1_rpCategoriasFundos_itemFundo_1.item-fundo.tab-pane, div#cphMinhaConta_wcTabelaRentabilidade1_rpCategoriasFundos_itemFundo_2.item-fundo.tab-pane, div#cphMinhaConta_wcTabelaRentabilidade1_rpCategoriasFundos_itemFundo_3.item-fundo.tab-pane, div#cphMinhaConta_wcTabelaRentabilidade1_rpCategoriasFundos_itemFundo_4.item-fundo.tab-pane, prevObject: i.fn.init(1), context: document, selector: ".item-fundo.tab-pane"]
